<?xml version="1.0" encoding="utf-8"?><testsuites name="pytest tests"><testsuite name="pytest" errors="0" failures="0" skipped="0" tests="8" time="1.240" timestamp="2026-08-09T16:41:24.004552+00:00" hostname="agent-env-341175e2-7d3b-4196-bbec-58a55d142a8b"><testcase classname="tests.test_radacini_api.TestHealth" name="test_root" time="0.740" /><testcase classname="tests.test_radacini_api.TestScans" name="test_create_scan_with_faults" time="0.385" /><testcase classname="tests.test_radacini_api.TestScans" name="test_create_scan_empty_faults" time="0.055" /><testcase classname="tests.test_radacini_api.TestScans" name="test_list_scans_sorted_desc_no_id_leak" time="0.046" /><testcase classname="tests.test_radacini_api.TestScans" name="test_get_scan_by_id" time="0.051" /><testcase classname="tests.test_radacini_api.TestScans" name="test_get_scan_not_found" time="0.048" /><testcase classname="tests.test_radacini_api.TestScans" name="test_delete_scan" time="0.148" /><testcase classname="tests.test_radacini_api.TestScans" name="test_delete_scan_not_found" time="0.195" /></testsuite></testsuites>